2020-03-02 10:59:16,166 [main] INFO com.odoo.webutils.OdooListeners - Suite Execution starts
2020-03-02 10:59:26,556 [main] INFO com.odoo.webutils.OdooListeners - chrome launched in windows platform and headless: false
2020-03-02 10:59:51,706 [main] INFO com.odoo.webutils.OdooListeners - validLogin script execution starts
2020-03-02 10:59:51,753 [main] INFO com.odoo.webutils.OdooListeners - Finding Element with locator: By.xpath: //input[@id='login']
2020-03-02 10:59:52,300 [main] INFO com.odoo.webutils.OdooListeners - Finding Element with locator: By.xpath: //input[@id='password']
2020-03-02 10:59:52,925 [main] INFO com.odoo.webutils.OdooListeners - Finding Element with locator: By.xpath: //button[text()='Log in']
2020-03-02 11:00:18,367 [main] FATAL com.odoo.webutils.OdooListeners - timeout: Timed out receiving message from renderer: -0.016
  (Session info: chrome=80.0.3987.122)
Build info: version: '3.141.59', revision: 'e82be7d358', time: '2018-11-14T08:17:03'
System info: host: 'LENOVO', ip: '192.168.1.15', os.name: 'Windows 8.1', os.arch: 'amd64', os.version: '6.3', java.version: '1.8.0_66'
Driver info: org.openqa.selenium.chrome.ChromeDriver
Capabilities {acceptInsecureCerts: false, browserName: chrome, browserVersion: 80.0.3987.122, chrome: {chromedriverVersion: 80.0.3987.106 (f68069574609..., userDataDir: C:\Users\Owner\AppData\Loca...}, goog:chromeOptions: {debuggerAddress: localhost:59048}, javascriptEnabled: true, networkConnectionEnabled: false, pageLoadStrategy: normal, platform: WINDOWS, platformName: WINDOWS, proxy: Proxy(), setWindowRect: true, strictFileInteractability: false, timeouts: {implicit: 0, pageLoad: 300000, script: 30000}, unhandledPromptBehavior: dismiss and notify}
Session ID: 63789325349067a3058880ec40bf6003
2020-03-02 11:00:19,431 [main] ERROR com.odoo.webutils.OdooListeners - validLogin script is failed
2020-03-02 11:00:23,320 [main] INFO com.odoo.webutils.OdooListeners - Screenshot has been taken
2020-03-02 11:00:29,571 [main] INFO com.odoo.webutils.OdooListeners - Total suite execution time: 73.0seconds
2020-03-02 11:00:29,571 [main] INFO com.odoo.webutils.OdooListeners - Suite Execution ends
2020-03-02 11:00:31,964 [main] INFO com.odoo.webutils.OdooListeners - Browser Closed
2020-03-02 11:00:31,964 [main] INFO com.odoo.webutils.OdooListeners - Total scripts executed: 1
2020-03-02 11:00:31,964 [main] INFO com.odoo.webutils.OdooListeners - Total scripts passed: 0
2020-03-02 11:00:31,979 [main] INFO com.odoo.webutils.OdooListeners - Total scripts failed: 1
2020-03-02 11:00:31,979 [main] INFO com.odoo.webutils.OdooListeners - Total scripts skipped: 0
